Arguments: 
  /home/simon/.nvm/versions/node/v9.3.0/bin/node /home/simon/.nvm/versions/node/v9.3.0/bin/yarn dev

PATH: 
  /home/simon/anaconda/bin:/home/simon/.nvm/versions/node/v9.3.0/bin:/usr/local/sbin:/usr/local/bin:/usr/sbin:/usr/bin:/sbin:/bin:/usr/games:/usr/local/games:/snap/bin

Yarn version: 
  1.5.1

Node version: 
  9.3.0

Platform: 
  linux x64

npm manifest: 
  {
    "name": "js-game",
    "version": "1.0.0",
    "description": "> A js game",
    "main": "game.js",
    "scripts": {
      "dev": "webpack-dev-server --port 3000 --open --mode development",
      "build": "webpack"
    },
    "repository": {
      "type": "git",
      "url": "git+https://github.com/SimonSiefke/ja-game.git"
    },
    "keywords": [],
    "author": "",
    "license": "ISC",
    "bugs": {
      "url": "https://github.com/SimonSiefke/ja-game/issues"
    },
    "homepage": "https://github.com/SimonSiefke/ja-game#readme",
    "dependencies": {
      "phaser": "^3.10.1"
    },
    "devDependencies": {
      "ts-loader": "^4.4.1",
      "typescript": "^2.9.2",
      "webpack": "^4.12.0",
      "webpack-cli": "^3.0.7",
      "webpack-dev-server": "^3.1.4"
    }
  }

yarn manifest: 
  No manifest

Lockfile: 
  No lockfile

Trace: 
  Error: Command failed.
  Exit code: 1
  Command: sh
  Arguments: -c webpack-dev-server --port 3000 --open --mode development
  Directory: /home/simon/Dokumente/work/strich-komma/js-game
  Output:
  
      at ProcessTermError.MessageError (/home/simon/.nvm/versions/node/v9.3.0/lib/node_modules/yarn/lib/cli.js:186:110)
      at new ProcessTermError (/home/simon/.nvm/versions/node/v9.3.0/lib/node_modules/yarn/lib/cli.js:226:113)
      at ChildProcess.<anonymous> (/home/simon/.nvm/versions/node/v9.3.0/lib/node_modules/yarn/lib/cli.js:30281:17)
      at ChildProcess.emit (events.js:159:13)
      at maybeClose (internal/child_process.js:943:16)
      at Process.ChildProcess._handle.onexit (internal/child_process.js:220:5)
